<?xml version="1.0" encoding="UTF-8"?>
<testsuite name="com.jhjeong.book.springboot.web.IndexControllerTest" tests="1" skipped="0" failures="0" errors="0" timestamp="2020-06-01T07:43:07" hostname="DESKTOP-B95N3BO" time="0.238">
  <properties/>
  <testcase name="메인페이지_로딩" classname="com.jhjeong.book.springboot.web.IndexControllerTest" time="0.238"/>
  <system-out><![CDATA[2020-06-01 16:43:04.466  INFO 25888 --- [    Test worker] .b.t.c.SpringBootTestContextBootstrapper : Neither @ContextConfiguration nor @ContextHierarchy found for test class [com.jhjeong.book.springboot.web.IndexControllerTest], using SpringBootContextLoader
2020-06-01 16:43:04.467  INFO 25888 --- [    Test worker] o.s.t.c.support.AbstractContextLoader    : Could not detect default resource locations for test class [com.jhjeong.book.springboot.web.IndexControllerTest]: no resource found for suffixes {-context.xml, Context.groovy}.
2020-06-01 16:43:04.467  INFO 25888 --- [    Test worker] t.c.s.AnnotationConfigContextLoaderUtils : Could not detect default configuration classes for test class [com.jhjeong.book.springboot.web.IndexControllerTest]: IndexControllerTest does not declare any static, non-private, non-final, nested classes annotated with @Configuration.
2020-06-01 16:43:04.470  INFO 25888 --- [    Test worker] .b.t.c.SpringBootTestContextBootstrapper : Found @SpringBootConfiguration com.jhjeong.book.springboot.Application for test class com.jhjeong.book.springboot.web.IndexControllerTest
2020-06-01 16:43:04.473  INFO 25888 --- [    Test worker] .b.t.c.SpringBootTestContextBootstrapper : Loaded default TestExecutionListener class names from location [META-INF/spring.factories]: [org.springframework.security.test.context.support.WithSecurityContextTestExecutionListener, org.springframework.security.test.context.support.ReactorContextTestExecutionListener, org.springframework.boot.test.autoconfigure.restdocs.RestDocsTestExecutionListener, org.springframework.boot.test.autoconfigure.web.client.MockRestServiceServerResetTestExecutionListener, org.springframework.boot.test.autoconfigure.web.servlet.MockMvcPrintOnlyOnFailureTestExecutionListener, org.springframework.boot.test.autoconfigure.web.servlet.WebDriverTestExecutionListener, org.springframework.boot.test.mock.mockito.MockitoTestExecutionListener, org.springframework.boot.test.mock.mockito.ResetMocksTestExecutionListener, org.springframework.test.context.web.ServletTestExecutionListener, org.springframework.test.context.support.DirtiesContextBeforeModesTestExecutionListener, org.springframework.test.context.support.DependencyInjectionTestExecutionListener, org.springframework.test.context.support.DirtiesContextTestExecutionListener, org.springframework.test.context.transaction.TransactionalTestExecutionListener, org.springframework.test.context.jdbc.SqlScriptsTestExecutionListener]
2020-06-01 16:43:04.474  INFO 25888 --- [    Test worker] .b.t.c.SpringBootTestContextBootstrapper : Using TestExecutionListeners: [org.springframework.test.context.web.ServletTestExecutionListener@5a247d26, org.springframework.test.context.support.DirtiesContextBeforeModesTestExecutionListener@3071e864, org.springframework.boot.test.mock.mockito.MockitoTestExecutionListener@39c590b6, org.springframework.boot.test.autoconfigure.SpringBootDependencyInjectionTestExecutionListener@6b1d2cb7, org.springframework.test.context.support.DirtiesContextTestExecutionListener@1229a1bf, org.springframework.test.context.transaction.TransactionalTestExecutionListener@2da44956, org.springframework.test.context.jdbc.SqlScriptsTestExecutionListener@38712c74, org.springframework.security.test.context.support.WithSecurityContextTestExecutionListener@3a8bd759, org.springframework.security.test.context.support.ReactorContextTestExecutionListener@6570adee, org.springframework.boot.test.autoconfigure.restdocs.RestDocsTestExecutionListener@6a91a6ef, org.springframework.boot.test.autoconfigure.web.client.MockRestServiceServerResetTestExecutionListener@5bb22545, org.springframework.boot.test.autoconfigure.web.servlet.MockMvcPrintOnlyOnFailureTestExecutionListener@3fe71075, org.springframework.boot.test.autoconfigure.web.servlet.WebDriverTestExecutionListener@5f98c5ba, org.springframework.boot.test.mock.mockito.ResetMocksTestExecutionListener@3859a678]

  .   ____          _            __ _ _
 /\\ / ___'_ __ _ _(_)_ __  __ _ \ \ \ \
( ( )\___ | '_ | '_| | '_ \/ _` | \ \ \ \
 \\/  ___)| |_)| | | | | || (_| |  ) ) ) )
  '  |____| .__|_| |_|_| |_\__, | / / / /
 =========|_|==============|___/=/_/_/_/
 :: Spring Boot ::        (v2.1.7.RELEASE)

2020-06-01 16:43:04.520  INFO 25888 --- [    Test worker] c.j.b.s.web.IndexControllerTest          : Starting IndexControllerTest on DESKTOP-B95N3BO with PID 25888 (started by user in D:\work\SpringMSA\springboot2webservice)
2020-06-01 16:43:04.521  INFO 25888 --- [    Test worker] c.j.b.s.web.IndexControllerTest          : No active profile set, falling back to default profiles: default
2020-06-01 16:43:04.839  INFO 25888 --- [    Test worker] .s.d.r.c.RepositoryConfigurationDelegate : Bootstrapping Spring Data repositories in DEFAULT mode.
2020-06-01 16:43:04.869  INFO 25888 --- [    Test worker] .s.d.r.c.RepositoryConfigurationDelegate : Finished Spring Data repository scanning in 30ms. Found 2 repository interfaces.
2020-06-01 16:43:05.017  INFO 25888 --- [    Test worker] trationDelegate$BeanPostProcessorChecker : Bean 'org.springframework.transaction.annotation.ProxyTransactionManagementConfiguration' of type [org.springframework.transaction.annotation.ProxyTransactionManagementConfiguration$$EnhancerBySpringCGLIB$$252e122f] is not eligible for getting processed by all BeanPostProcessors (for example: not eligible for auto-proxying)
2020-06-01 16:43:05.322  INFO 25888 --- [    Test worker] o.s.b.w.embedded.tomcat.TomcatWebServer  : Tomcat initialized with port(s): 0 (http)
2020-06-01 16:43:05.360  INFO 25888 --- [    Test worker] o.apache.catalina.core.StandardService   : Starting service [Tomcat]
2020-06-01 16:43:05.361  INFO 25888 --- [    Test worker] org.apache.catalina.core.StandardEngine  : Starting Servlet engine: [Apache Tomcat/9.0.22]
2020-06-01 16:43:05.640  INFO 25888 --- [    Test worker] o.a.c.c.C.[Tomcat].[localhost].[/]       : Initializing Spring embedded WebApplicationContext
2020-06-01 16:43:05.641  INFO 25888 --- [    Test worker] o.s.web.context.ContextLoader            : Root WebApplicationContext: initialization completed in 1113 ms
2020-06-01 16:43:05.969  INFO 25888 --- [    Test worker] com.zaxxer.hikari.HikariDataSource       : HikariPool-2 - Starting...
2020-06-01 16:43:05.971  INFO 25888 --- [    Test worker] com.zaxxer.hikari.HikariDataSource       : HikariPool-2 - Start completed.
2020-06-01 16:43:06.021  INFO 25888 --- [    Test worker] o.hibernate.jpa.internal.util.LogHelper  : HHH000204: Processing PersistenceUnitInfo [
	name: default
	...]
2020-06-01 16:43:06.031  INFO 25888 --- [    Test worker] org.hibernate.dialect.Dialect            : HHH000400: Using dialect: org.hibernate.dialect.MySQL5InnoDBDialect
Hibernate: drop table if exists posts
Hibernate: drop table if exists user
Hibernate: create table posts (id bigint not null auto_increment, created_date datetime, modified_date datetime, author varchar(255), content TEXT not null, title varchar(500) not null, primary key (id)) engine=InnoDB
Hibernate: create table user (id bigint not null auto_increment, created_date datetime, modified_date datetime, email varchar(255) not null, name varchar(255) not null, picture varchar(255), role varchar(255) not null, primary key (id)) engine=InnoDB
2020-06-01 16:43:06.109  INFO 25888 --- [    Test worker] o.h.t.schema.internal.SchemaCreatorImpl  : HHH000476: Executing import script 'org.hibernate.tool.schema.internal.exec.ScriptSourceInputNonExistentImpl@794eb14d'
2020-06-01 16:43:06.109  INFO 25888 --- [    Test worker] j.LocalContainerEntityManagerFactoryBean : Initialized JPA EntityManagerFactory for persistence unit 'default'
2020-06-01 16:43:06.573  INFO 25888 --- [    Test worker] o.h.h.i.QueryTranslatorFactoryInitiator  : HHH000397: Using ASTQueryTranslatorFactory
2020-06-01 16:43:06.796  INFO 25888 --- [    Test worker] o.s.s.web.DefaultSecurityFilterChain     : Creating filter chain: any request, [org.springframework.security.web.context.request.async.WebAsyncManagerIntegrationFilter@5b43b45c, org.springframework.security.web.context.SecurityContextPersistenceFilter@9697db6, org.springframework.security.web.header.HeaderWriterFilter@6879436b, org.springframework.security.web.authentication.logout.LogoutFilter@7ece8e82, org.springframework.security.oauth2.client.web.OAuth2AuthorizationRequestRedirectFilter@6c90b4d0, org.springframework.security.oauth2.client.web.OAuth2LoginAuthenticationFilter@554234ab, org.springframework.security.web.authentication.ui.DefaultLoginPageGeneratingFilter@3c08d078, org.springframework.security.web.authentication.ui.DefaultLogoutPageGeneratingFilter@53d98270, org.springframework.security.web.savedrequest.RequestCacheAwareFilter@5776212b, org.springframework.security.web.servletapi.SecurityContextHolderAwareRequestFilter@75b642b5, org.springframework.security.web.authentication.AnonymousAuthenticationFilter@3a069aef, org.springframework.security.web.session.SessionManagementFilter@122b6b90, org.springframework.security.web.access.ExceptionTranslationFilter@5920fc2c, org.springframework.security.web.access.intercept.FilterSecurityInterceptor@43a9776b]
2020-06-01 16:43:07.076  INFO 25888 --- [    Test worker] o.s.s.concurrent.ThreadPoolTaskExecutor  : Initializing ExecutorService 'applicationTaskExecutor'
2020-06-01 16:43:07.090  WARN 25888 --- [    Test worker] aWebConfiguration$JpaWebMvcConfiguration : spring.jpa.open-in-view is enabled by default. Therefore, database queries may be performed during view rendering. Explicitly configure spring.jpa.open-in-view to disable this warning
2020-06-01 16:43:07.123  INFO 25888 --- [    Test worker] o.s.b.a.w.s.WelcomePageHandlerMapping    : Adding welcome page template: index
2020-06-01 16:43:07.468  INFO 25888 --- [    Test worker] s.a.ScheduledAnnotationBeanPostProcessor : No TaskScheduler/ScheduledExecutorService bean found for scheduled processing
2020-06-01 16:43:07.494  INFO 25888 --- [    Test worker] o.s.b.w.embedded.tomcat.TomcatWebServer  : Tomcat started on port(s): 62258 (http) with context path ''
2020-06-01 16:43:07.495  INFO 25888 --- [    Test worker] c.j.b.s.web.IndexControllerTest          : Started IndexControllerTest in 3.018 seconds (JVM running for 15.919)
2020-06-01 16:43:07.612  INFO 25888 --- [o-auto-1-exec-1] o.a.c.c.C.[Tomcat].[localhost].[/]       : Initializing Spring DispatcherServlet 'dispatcherServlet'
2020-06-01 16:43:07.613  INFO 25888 --- [o-auto-1-exec-1] o.s.web.servlet.DispatcherServlet        : Initializing Servlet 'dispatcherServlet'
2020-06-01 16:43:07.645  INFO 25888 --- [o-auto-1-exec-1] o.s.web.servlet.DispatcherServlet        : Completed initialization in 32 ms
Hibernate: select posts0_.id as id1_0_, posts0_.created_date as created_2_0_, posts0_.modified_date as modified3_0_, posts0_.author as author4_0_, posts0_.content as content5_0_, posts0_.title as title6_0_ from posts posts0_ order by posts0_.id DESC
]]></system-out>
  <system-err><![CDATA[]]></system-err>
</testsuite>
